<?xml version="1.0" encoding="UTF-8" ?>
<testsuite tests="34" failures="10" name="TestSuite" time="0.031" errors="0" skipped="0">
  <properties>
[...]
</properties>
  <testcase classname="StringTwoMethodsContHiTest" name="testCountHi" time="0"/>
  <testcase classname="StringTwoMethodsContHiTest" name="testCountHiFourNegative" time="0"/>
  <testcase classname="StringTwoMethodsContHiTest" name="testCountHiPositive" time="0"/>
  <testcase classname="StringTwoMethodsContHiTest" name="testCountHiPositive" time="0"/>
  <testcase classname="StringTwoMethodsContHiTest" name="testCountHiPositive" time="0"/>
  <testcase classname="StringTwoMethodsContHiTest" name="testCountHiPositive" time="0">
    <failure type="java.lang.AssertionError:">java.lang.AssertionError: null
	at org.testng.Assert.fail(Assert.java:94)
	at org.testng.Assert.fail(Assert.java:101)
	at StringTwoMethodsContHiTest.testCountHiPositive(StringTwoMethodsContHiTest.java:47)
</failure>
    <system-out>Expected result: 1; Actual: 2
The test above has failed: String: &apos; hi&apos; is counted as 2 while is expected: 1
TestResult: expected [2] but found [1]
</system-out>
  </testcase>
  <testcase classname="StringTwoMethodsContHiTest" name="testCountHiPositive" time="0"/>
  <testcase classname="StringTwoMethodsContHiTest" name="testCountHiPositive" time="0"/>
  <testcase classname="StringTwoMethodsContHiTest" name="testCountHiPositive" time="0"/>
  <testcase classname="StringTwoMethodsContHiTest" name="testCountHiPositive" time="0">
    <failure type="java.lang.AssertionError:">java.lang.AssertionError: null
	at org.testng.Assert.fail(Assert.java:94)
	at org.testng.Assert.fail(Assert.java:101)
	at StringTwoMethodsContHiTest.testCountHiPositive(StringTwoMethodsContHiTest.java:47)
</failure>
    <system-out>Expected result: 7; Actual: 1
The test above has failed: String: &apos; hihihi hihihi hi&apos; is counted as 1 while is expected: 7
TestResult: expected [1] but found [7]
</system-out>
  </testcase>
  <testcase classname="StringTwoMethodsContHiTest" name="testCountHiPositive" time="0"/>
  <testcase classname="StringTwoMethodsContHiTest" name="testCountHiTwoPositive" time="0"/>
  <testcase classname="StringTwoMethodsDoubleCharTest" name="testConCat" time="0"/>
  <testcase classname="StringTwoMethodsDoubleCharTest" name="testConCat2" time="0"/>
  <testcase classname="StringTwoMethodsDoubleCharTest" name="testConCat3" time="0"/>
  <testcase classname="StringTwoMethodsDoubleCharTest" name="testConCat4" time="0"/>
  <testcase classname="StringTwoMethodsDoubleCharTest" name="testCountHiPositive" time="0"/>
  <testcase classname="StringTwoMethodsDoubleCharTest" name="testCountHiPositive" time="0"/>
  <testcase classname="StringTwoMethodsDoubleCharTest" name="testCountHiPositive" time="0"/>
  <testcase classname="StringTwoMethodsDoubleCharTest" name="testCountHiPositive" time="0"/>
  <testcase classname="StringTwoMethodsDoubleCharTest" name="testCountHiPositive" time="0"/>
  <testcase classname="StringTwoMethodsDoubleCharTest" name="testDoubleCharExpectedToFail" time="0"/>
  <testcase classname="StringTwoCountCodeTest" name="testCountCode2" time="0.016">
    <failure message="expected [0] but found [2]" type="java.lang.AssertionError">java.lang.AssertionError: expected [0] but found [2]
	at org.testng.Assert.fail(Assert.java:94)
	at org.testng.Assert.failNotEquals(Assert.java:494)
	at org.testng.Assert.assertEquals(Assert.java:123)
	at org.testng.Assert.assertEquals(Assert.java:370)
	at org.testng.Assert.assertEquals(Assert.java:380)
	at StringTwoCountCodeTest.testCountCode2(StringTwoCountCodeTest.java:33)
</failure>
  </testcase>
  <testcase classname="StringTwoCountCodeTest" name="testCountCode2" time="0">
    <failure message="expected [0] but found [2]" type="java.lang.AssertionError">java.lang.AssertionError: expected [0] but found [2]
	at org.testng.Assert.fail(Assert.java:94)
	at org.testng.Assert.failNotEquals(Assert.java:494)
	at org.testng.Assert.assertEquals(Assert.java:123)
	at org.testng.Assert.assertEquals(Assert.java:370)
	at org.testng.Assert.assertEquals(Assert.java:380)
	at StringTwoCountCodeTest.testCountCode2(StringTwoCountCodeTest.java:33)
</failure>
  </testcase>
  <testcase classname="StringTwoCountCodeTest" name="testCountCode2" time="0">
    <failure message="expected [0] but found [2]" type="java.lang.AssertionError">java.lang.AssertionError: expected [0] but found [2]
	at org.testng.Assert.fail(Assert.java:94)
	at org.testng.Assert.failNotEquals(Assert.java:494)
	at org.testng.Assert.assertEquals(Assert.java:123)
	at org.testng.Assert.assertEquals(Assert.java:370)
	at org.testng.Assert.assertEquals(Assert.java:380)
	at StringTwoCountCodeTest.testCountCode2(StringTwoCountCodeTest.java:33)
</failure>
  </testcase>
  <testcase classname="StringTwoCountCodeTest" name="testCountCode2" time="0">
    <failure message="expected [0] but found [2]" type="java.lang.AssertionError">java.lang.AssertionError: expected [0] but found [2]
	at org.testng.Assert.fail(Assert.java:94)
	at org.testng.Assert.failNotEquals(Assert.java:494)
	at org.testng.Assert.assertEquals(Assert.java:123)
	at org.testng.Assert.assertEquals(Assert.java:370)
	at org.testng.Assert.assertEquals(Assert.java:380)
	at StringTwoCountCodeTest.testCountCode2(StringTwoCountCodeTest.java:33)
</failure>
  </testcase>
  <testcase classname="StringTwoCountCodeTest" name="testCountCode2" time="0">
    <failure message="expected [0] but found [2]" type="java.lang.AssertionError">java.lang.AssertionError: expected [0] but found [2]
	at org.testng.Assert.fail(Assert.java:94)
	at org.testng.Assert.failNotEquals(Assert.java:494)
	at org.testng.Assert.assertEquals(Assert.java:123)
	at org.testng.Assert.assertEquals(Assert.java:370)
	at org.testng.Assert.assertEquals(Assert.java:380)
	at StringTwoCountCodeTest.testCountCode2(StringTwoCountCodeTest.java:33)
</failure>
  </testcase>
  <testcase classname="StringTwoMethodsDoubleCharTest" name="testDoubleChar" time="0"/>
  <testcase classname="StringTwoCountCodeTest" name="testCountCode3" time="0">
    <failure message="expected [0] but found [2]" type="java.lang.AssertionError">java.lang.AssertionError: expected [0] but found [2]
	at org.testng.Assert.fail(Assert.java:94)
	at org.testng.Assert.failNotEquals(Assert.java:494)
	at org.testng.Assert.assertEquals(Assert.java:123)
	at org.testng.Assert.assertEquals(Assert.java:370)
	at org.testng.Assert.assertEquals(Assert.java:380)
	at StringTwoCountCodeTest.testCountCode3(StringTwoCountCodeTest.java:39)
</failure>
    <system-out> PrintOut StringTwoMethodsDoubleCharTest after class
</system-out>
  </testcase>
  <testcase classname="StringTwoCountCodeTest" name="testCountCode" time="0.015">
    <failure message="expected [0] but found [2]" type="java.lang.AssertionError">java.lang.AssertionError: expected [0] but found [2]
	at org.testng.Assert.fail(Assert.java:94)
	at org.testng.Assert.failNotEquals(Assert.java:494)
	at org.testng.Assert.assertEquals(Assert.java:123)
	at org.testng.Assert.assertEquals(Assert.java:370)
	at org.testng.Assert.assertEquals(Assert.java:380)
	at StringTwoCountCodeTest.testCountCode(StringTwoCountCodeTest.java:26)
</failure>
  </testcase>
  <testcase classname="StringTwoCountCodeTest" name="testDoubleCharExpectedToFail" time="0"/>
  <testcase classname="ArrayTwoMethodsTest" name="testDoubleCharExpectedToFail" time="0"/>
  <testcase classname="ArrayTwoMethodsTest" name="testMatchUp1" time="0"/>
  <testcase classname="StringTwoCountCodeTest" name="testCountCode4" time="0">
    <failure message="expected [0] but found [2]" type="java.lang.AssertionError">java.lang.AssertionError: expected [0] but found [2]
	at org.testng.Assert.fail(Assert.java:94)
	at org.testng.Assert.failNotEquals(Assert.java:494)
	at org.testng.Assert.assertEquals(Assert.java:123)
	at org.testng.Assert.assertEquals(Assert.java:370)
	at org.testng.Assert.assertEquals(Assert.java:380)
	at StringTwoCountCodeTest.testCountCode4(StringTwoCountCodeTest.java:45)
</failure>
  </testcase>
</testsuite>