<?xml version="1.0" encoding="UTF-8"?>
<!-- Generated by org.testng.reporters.JUnitXMLReporter -->
<testsuite hostname="EPRUPETW9447" tests="31" failures="2" timestamp="30 May 2019 17:50:25 GMT" time="0.133" errors="0">
  <testcase name="testCountHi" time="0.007" classname="StringTwoMethodsContHiTest"/>
  <testcase name="testCountHiFourNegative" time="0.001" classname="StringTwoMethodsContHiTest"/>
  <testcase name="testCountHiPositive" time="0.0" classname="StringTwoMethodsContHiTest"/>
  <testcase name="testCountHiPositive" time="0.0" classname="StringTwoMethodsContHiTest"/>
  <testcase name="testCountHiPositive" time="0.001" classname="StringTwoMethodsContHiTest"/>
  <testcase name="testCountHiPositive" time="0.004" classname="StringTwoMethodsContHiTest">
    <failure type="java.lang.AssertionError" message="null">
      <![CDATA[java.lang.AssertionError: null
	at StringTwoMethodsContHiTest.testCountHiPositive(StringTwoMethodsContHiTest.java:47)
	at org.apache.maven.surefire.testng.TestNGExecutor.run(TestNGExecutor.java:77)
	at org.apache.maven.surefire.testng.TestNGDirectoryTestSuite.executeMulti(TestNGDirectoryTestSuite.java:159)
	at org.apache.maven.surefire.testng.TestNGDirectoryTestSuite.execute(TestNGDirectoryTestSuite.java:99)
	at org.apache.maven.surefire.testng.TestNGProvider.invoke(TestNGProvider.java:106)
	at org.apache.maven.surefire.util.ReflectionUtils.invokeMethodWithArray(ReflectionUtils.java:189)
	at org.apache.maven.surefire.booter.ProviderFactory$ProviderProxy.invoke(ProviderFactory.java:165)
	at org.apache.maven.surefire.booter.ProviderFactory.invokeProvider(ProviderFactory.java:85)
	at org.apache.maven.surefire.booter.ForkedBooter.runSuitesInProcess(ForkedBooter.java:115)
	at org.apache.maven.surefire.booter.ForkedBooter.main(ForkedBooter.java:75)
... Removed 27 stack frames]]>
    </failure>
  </testcase> <!-- testCountHiPositive -->
  <testcase name="testCountHiPositive" time="0.0" classname="StringTwoMethodsContHiTest"/>
  <testcase name="testCountHiPositive" time="0.001" classname="StringTwoMethodsContHiTest"/>
  <testcase name="testCountHiPositive" time="0.001" classname="StringTwoMethodsContHiTest">
    <failure type="java.lang.AssertionError" message="null">
      <![CDATA[java.lang.AssertionError: null
	at StringTwoMethodsContHiTest.testCountHiPositive(StringTwoMethodsContHiTest.java:47)
	at org.apache.maven.surefire.testng.TestNGExecutor.run(TestNGExecutor.java:77)
	at org.apache.maven.surefire.testng.TestNGDirectoryTestSuite.executeMulti(TestNGDirectoryTestSuite.java:159)
	at org.apache.maven.surefire.testng.TestNGDirectoryTestSuite.execute(TestNGDirectoryTestSuite.java:99)
	at org.apache.maven.surefire.testng.TestNGProvider.invoke(TestNGProvider.java:106)
	at org.apache.maven.surefire.util.ReflectionUtils.invokeMethodWithArray(ReflectionUtils.java:189)
	at org.apache.maven.surefire.booter.ProviderFactory$ProviderProxy.invoke(ProviderFactory.java:165)
	at org.apache.maven.surefire.booter.ProviderFactory.invokeProvider(ProviderFactory.java:85)
	at org.apache.maven.surefire.booter.ForkedBooter.runSuitesInProcess(ForkedBooter.java:115)
	at org.apache.maven.surefire.booter.ForkedBooter.main(ForkedBooter.java:75)
... Removed 27 stack frames]]>
    </failure>
  </testcase> <!-- testCountHiPositive -->
  <testcase name="testCountHiPositive" time="0.0" classname="StringTwoMethodsContHiTest"/>
  <testcase name="testCountHiTwoPositive" time="0.001" classname="StringTwoMethodsContHiTest"/>
  <testcase name="testConCat" time="0.0" classname="StringTwoMethodsDoubleCharTest"/>
  <testcase name="testConCat2" time="0.001" classname="StringTwoMethodsDoubleCharTest"/>
  <testcase name="testConCat3" time="0.0" classname="StringTwoMethodsDoubleCharTest"/>
  <testcase name="testConCat4" time="0.0" classname="StringTwoMethodsDoubleCharTest"/>
  <testcase name="testCountHiPositive" time="0.009" classname="StringTwoMethodsDoubleCharTest"/>
  <testcase name="testCountHiPositive" time="0.0" classname="StringTwoMethodsDoubleCharTest"/>
  <testcase name="testCountHiPositive" time="0.0" classname="StringTwoMethodsDoubleCharTest"/>
  <testcase name="testCountHiPositive" time="0.002" classname="StringTwoMethodsDoubleCharTest"/>
  <testcase name="testCountHiPositive" time="0.001" classname="StringTwoMethodsDoubleCharTest"/>
  <testcase name="testDoubleCharExpectedToFail" time="0.005" classname="StringTwoMethodsDoubleCharTest"/>
  <testcase name="testCountCode2" time="0.0" classname="StringTwoCountCodeTest"/>
  <testcase name="testCountCode2" time="0.001" classname="StringTwoCountCodeTest"/>
  <testcase name="testCountCode2" time="0.0" classname="StringTwoCountCodeTest"/>
  <testcase name="testCountCode2" time="0.0" classname="StringTwoCountCodeTest"/>
  <testcase name="testCountCode2" time="0.001" classname="StringTwoCountCodeTest"/>
  <testcase name="testDoubleChar" time="0.0" classname="StringTwoMethodsDoubleCharTest"/>
  <testcase name="testCountCode3" time="0.001" classname="StringTwoCountCodeTest"/>
  <testcase name="testCountCode" time="0.0" classname="StringTwoCountCodeTest"/>
  <testcase name="testDoubleCharExpectedToFail" time="0.0" classname="StringTwoCountCodeTest"/>
  <testcase name="testCountCode4" time="0.001" classname="StringTwoCountCodeTest"/>
</testsuite>
