<?xml version="1.0" encoding="UTF-8"?>
<testng-results skipped="0" failed="0" total="1" passed="1">
  <reporter-output>
  </reporter-output>
  <suite name="Surefire suite" duration-ms="33" started-at="2018-11-23T16:04:48Z" finished-at="2018-11-23T16:04:48Z">
    <groups>
    </groups>
    <test name="Surefire test" duration-ms="33" started-at="2018-11-23T16:04:48Z" finished-at="2018-11-23T16:04:48Z">
      <class name="StringThreeMethodsToCheckTest">
        <test-method status="PASS" signature="testCountYZ()[pri:0, instance:StringThreeMethodsToCheckTest@7f63425a]" name="testCountYZ" duration-ms="15" started-at="2018-11-23T19:04:48Z" finished-at="2018-11-23T19:04:48Z">
          <reporter-output>
          </reporter-output>
        </test-method> <!-- testCountYZ -->
      </class> <!-- StringThreeMethodsToCheckTest -->
    </test> <!-- Surefire test -->
  </suite> <!-- Surefire suite -->
</testng-results>
