<?xml version="1.0" encoding="UTF-8"?>
<testng-results skipped="0" failed="0" total="1" passed="1">
  <reporter-output>
  </reporter-output>
  <suite name="StringThreeMethodsToCheckTest" duration-ms="29" started-at="2018-11-24T12:00:39Z" finished-at="2018-11-24T12:00:39Z">
    <groups>
    </groups>
    <test name="Command line test" duration-ms="29" started-at="2018-11-24T12:00:39Z" finished-at="2018-11-24T12:00:39Z">
      <class name="StringThreeMethodsToCheckTest">
        <test-method status="PASS" signature="testCountYZ()[pri:0, instance:StringThreeMethodsToCheckTest@c818063]" name="testCountYZ" duration-ms="13" started-at="2018-11-24T15:00:39Z" finished-at="2018-11-24T15:00:39Z">
          <reporter-output>
          </reporter-output>
        </test-method> <!-- testCountYZ -->
      </class> <!-- StringThreeMethodsToCheckTest -->
    </test> <!-- Command line test -->
  </suite> <!-- StringThreeMethodsToCheckTest -->
</testng-results>
