<?xml version="1.0" encoding="UTF-8" ?>
<testsuite tests="3" failures="2" name="StringThreeMethodsToCheckTest" time="0.015" errors="0" skipped="0">
  <properties>
[...]
</properties>
  <testcase classname="StringThreeMethodsToCheckTest" name="testCountYZ" time="0.01"/>
  <testcase classname="StringThreeMethodsToCheckTest" name="testWithoutString" time="0.005">
    <failure message="expected [abab] but found [abxxab]" type="java.lang.AssertionError">java.lang.AssertionError: expected [abab] but found [abxxab]
	at org.testng.Assert.fail(Assert.java:94)
	at org.testng.Assert.failNotEquals(Assert.java:494)
	at org.testng.Assert.assertEquals(Assert.java:123)
	at org.testng.Assert.assertEquals(Assert.java:176)
	at org.testng.Assert.assertEquals(Assert.java:186)
	at StringThreeMethodsToCheckTest.testWithoutString(StringThreeMethodsToCheckTest.java:24)
</failure>
  </testcase>
  <testcase classname="StringThreeMethodsToCheckTest" name="testWithoutStringTwo" time="0">
    <failure message="expected [abab] but found [abxxab]" type="java.lang.AssertionError">java.lang.AssertionError: expected [abab] but found [abxxab]
	at org.testng.Assert.fail(Assert.java:94)
	at org.testng.Assert.failNotEquals(Assert.java:494)
	at org.testng.Assert.assertEquals(Assert.java:123)
	at org.testng.Assert.assertEquals(Assert.java:176)
	at org.testng.Assert.assertEquals(Assert.java:186)
	at StringThreeMethodsToCheckTest.testWithoutStringTwo(StringThreeMethodsToCheckTest.java:33)
</failure>
  </testcase>
</testsuite>